  Assembling LAB2.asm...
LAB2.asm(8): error A2008: syntax error : .
LAB2.asm(9): error A2008: syntax error : .
LAB2.asm(10): error A2008: syntax error : .
LAB2.asm(44): error A2008: syntax error : pusha
LAB2.asm(61): error A2008: syntax error : popa
LAB2.asm(67): error A2070: invalid instruction operands
LAB2.asm(68): error A2070: invalid instruction operands
LAB2.asm(72): error A2070: invalid instruction operands
LAB2.asm(73): error A2070: invalid instruction operands
LAB2.asm(80): error A2008: syntax error : pusha
LAB2.asm(83): error A2008: syntax error : popa
LAB2.asm(90): error A2008: syntax error : pusha
LAB2.asm(92): error A2024: invalid operand size for instruction
LAB2.asm(96): error A2024: invalid operand size for instruction
LAB2.asm(105): error A2008: syntax error : pusha
LAB2.asm(109): error A2008: syntax error : popa
LAB2.asm(115): error A2008: syntax error : pusha
LAB2.asm(119): error A2008: syntax error : popa
LAB2.asm(125): error A2008: syntax error : pusha
LAB2.asm(129): error A2008: syntax error : popa
LAB2.asm(135): error A2008: syntax error : pusha
LAB2.asm(139): error A2008: syntax error : popa
LAB2.asm(208): error A2024: invalid operand size for instruction
LAB2.asm(212): error A2024: invalid operand size for instruction
LAB2.asm(217): error A2024: invalid operand size for instruction
LAB2.asm(222): error A2024: invalid operand size for instruction
LAB2.asm(227): error A2024: invalid operand size for instruction
LAB2.asm(231): error A2024: invalid operand size for instruction
LAB2.asm(235): error A2024: invalid operand size for instruction
LAB2.asm(240): error A2024: invalid operand size for instruction
LAB2.asm(245): error A2024: invalid operand size for instruction
LAB2.asm(249): error A2024: invalid operand size for instruction
LAB2.asm(258): error A2008: syntax error : main
LAB2.asm(258): error A2088: END directive required at end of file
LAB2.asm(158): error A2006: undefined symbol : @data
C:\Program Files\Microsoft Visual Studio\2022\Community\MSBuild\Microsoft\VC\v170\BuildCustomizations\masm.targets(70,5): error MSB3721: выход из команды "ml64.exe /c /nologo /Zi /Fo"x64\Debug\LAB2.obj" /W3 /errorReport:prompt  /TaLAB2.asm" с кодом "1".
